<?xml version="1.0" encoding="utf-8"?><testsuites><testsuite name="pytest" errors="0" failures="0" skipped="0" tests="14" time="0.545" timestamp="2023-12-31T18:00:10.968917" hostname="arch-book"><testcase classname="tests.test_reverse_restore.test_reserve.TestClassReverseApi" name="test_reverse_api_sanity" time="0.138" /><testcase classname="tests.test_reverse_restore.test_reserve.TestClassReverseApi" name="test_reverse_algorithm" time="0.085" /><testcase classname="tests.test_reverse_restore.test_reserve.TestClassReverseApi" name="test_not_valid_input_format" time="0.008" /><testcase classname="tests.test_reverse_restore.test_reserve.TestClassReverseApi" name="test_not_existing_api" time="0.006" /><testcase classname="tests.test_reverse_restore.test_reserve.TestClassReverseApi" name="test_not_supported_crud" time="0.009" /><testcase classname="tests.test_reverse_restore.test_restore.TestClassRestoreApi" name="test_restore_api_sanity" time="0.098" /><testcase classname="tests.test_reverse_restore.test_restore.TestClassRestoreApi" name="test_restore_api_no_last_value" time="0.019" /><testcase classname="tests.test_reverse_restore.test_s_category_performance.TestClassApiPerformance" name="test_response_time" time="0.063" /><testcase classname="tests.test_reverse_restore.test_s_category_performance.TestClassApiPerformance" name="test_requests_per_minute" time="0.001" /><testcase classname="tests.test_reverse_restore.test_s_category_performance.TestClassApiPerformance" name="test_max_stress" time="0.001" /><testcase classname="tests.test_reverse_restore.test_s_category_performance.TestClassApiPerformance" name="test_uptime" time="0.001" /><testcase classname="tests.test_reverse_restore.test_s_category_ras.TestClassApiRas" name="test_restart_containerized_app_process" time="0.066" /><testcase classname="tests.test_reverse_restore.test_s_category_ras.TestClassApiRas" name="test_restart_containerized_app" time="0.001" /><testcase classname="tests.test_reverse_restore.test_s_category_ras.TestClassApiRas" name="test_upgrades" time="0.003" /></testsuite></testsuites>